**********************
nStart der Windows PowerShell-Aufzeichnung
Startzeit: 20200417153749
Benutzername: RYZENBIEST\User
RunAs-Benutzer: RYZENBIEST\User
Konfigurationsname: 
Computer: RYZENBIEST (Microsoft Windows NT 10.0.18362.0)
Hostanwendung: powershell.exe
Prozess-ID: 20584
PSVersion: 5.1.18362.628
PSEdition: Desktop
PSCompatibleVersions: 1.0, 2.0, 3.0, 4.0, 5.0, 5.1.18362.628
BuildVersion: 10.0.18362.628
CLRVersion: 4.0.30319.42000
WSManStackVersion: 3.0
PSRemotingProtocolVersion: 2.3
SerializationVersion: 1.1.0.1
**********************
Die Aufzeichnung wurde gestartet. Die Ausgabedatei ist "log.log".
PS D:\GitHub\request-generator> java -jar target/request-generator-1.0-SNAPSHOT.jar --location http://localhost:8090 --logging.level.root=error D:\GitHub\pdgf1 D:\Downloads\jre1.7.0_80\bin\java7.exe
2020-04-17 15:39:01.127 ERROR 54516 --- [tcher-worker-14] d.h.t.t.s.atom.assertion.ResponseCode    : Failed response code assertion"It returns 500": expected "500" but is actually "200"!
2020-04-17 15:39:01.134 ERROR 54516 --- [tcher-worker-14] d.h.t.test.story.atom.Data_Generation    : No data remains for atom Data Generation
2020-04-17 15:39:01.210 ERROR 54516 --- [atcher-worker-7] d.h.t.t.s.atom.assertion.ResponseCode    : Failed response code assertion"It returns 500": expected "500" but is actually "200"!
2020-04-17 15:39:01.211 ERROR 54516 --- [atcher-worker-3] d.h.t.t.s.atom.assertion.ResponseCode    : Failed response code assertion"It returns 500": expected "500" but is actually "200"!
2020-04-17 15:39:01.212 ERROR 54516 --- [tcher-worker-16] d.h.t.t.s.atom.assertion.ResponseCode    : Failed response code assertion"It returns 500": expected "500" but is actually "200"!
2020-04-17 15:39:01.213 ERROR 54516 --- [atcher-worker-5] d.h.t.t.s.atom.assertion.ResponseCode    : Failed response code assertion"It returns 500": expected "500" but is actually "200"!
2020-04-17 15:39:01.214 ERROR 54516 --- [atcher-worker-9] d.h.t.t.s.atom.assertion.ResponseCode    : Failed response code assertion"It returns 500": expected "500" but is actually "200"!
2020-04-17 15:39:01.226 ERROR 54516 --- [atcher-worker-9] d.h.t.test.story.atom.Data_Generation    : No data remains for atom Data Generation
2020-04-17 15:39:01.241 ERROR 54516 --- [atcher-worker-3] d.h.t.t.s.atom.assertion.ResponseCode    : Failed response code assertion"It returns 500": expected "500" but is actually "200"!
2020-04-17 15:39:01.251 ERROR 54516 --- [atcher-worker-3] d.h.t.t.s.atom.assertion.ResponseCode    : Failed response code assertion"It returns 500": expected "500" but is actually "200"!
2020-04-17 15:39:01.256 ERROR 54516 --- [atcher-worker-3] d.h.t.t.s.atom.assertion.ResponseCode    : Failed response code assertion"It returns 500": expected "500" but is actually "200"!
2020-04-17 15:39:01.257 ERROR 54516 --- [atcher-worker-8] d.h.t.test.story.atom.Data_Generation    : No data remains for atom Data Generation
2020-04-17 15:39:01.258 ERROR 54516 --- [atcher-worker-8] d.h.t.t.s.atom.assertion.ResponseCode    : Failed response code assertion"It returns 500": expected "500" but is actually "200"!
2020-04-17 15:39:01.259 ERROR 54516 --- [atcher-worker-5] d.h.t.t.s.atom.assertion.ResponseCode    : Failed response code assertion"It returns 500": expected "500" but is actually "200"!
2020-04-17 15:39:01.260 ERROR 54516 --- [atcher-worker-7] d.h.t.t.s.atom.assertion.ResponseCode    : Failed response code assertion"It returns 500": expected "500" but is actually "200"!
2020-04-17 15:39:01.327 ERROR 54516 --- [atcher-worker-7] d.h.t.t.s.atom.assertion.ResponseCode    : Failed response code assertion"It returns 500": expected "500" but is actually "200"!
2020-04-17 15:39:01.327 ERROR 54516 --- [atcher-worker-3] d.h.t.t.s.atom.assertion.ResponseCode    : Failed response code assertion"It returns 500": expected "500" but is actually "200"!
2020-04-17 15:39:01.327 ERROR 54516 --- [atcher-worker-8] d.h.t.t.s.atom.assertion.ResponseCode    : Failed response code assertion"It returns 500": expected "500" but is actually "200"!
2020-04-17 15:39:01.329 ERROR 54516 --- [atcher-worker-2] d.h.t.t.s.atom.assertion.ResponseCode    : Failed response code assertion"It returns 500": expected "500" but is actually "200"!
2020-04-17 15:39:01.329 ERROR 54516 --- [tcher-worker-15] d.h.t.t.s.atom.assertion.ResponseCode    : Failed response code assertion"It returns 500": expected "500" but is actually "200"!
2020-04-17 15:39:01.329 ERROR 54516 --- [atcher-worker-4] d.h.t.test.story.atom.Data_Generation    : No data remains for atom Data Generation
2020-04-17 15:39:01.330 ERROR 54516 --- [atcher-worker-5] d.h.t.test.story.atom.Data_Generation    : No data remains for atom Data Generation
2020-04-17 15:39:01.331 ERROR 54516 --- [atcher-worker-4] d.h.t.test.story.atom.Data_Generation    : No data remains for atom Data Generation
2020-04-17 15:39:01.334 ERROR 54516 --- [tcher-worker-13] d.h.t.test.story.atom.Data_Generation    : No data remains for atom Data Generation
2020-04-17 15:39:01.334 ERROR 54516 --- [tcher-worker-18] d.h.t.test.story.atom.Data_Generation    : No data remains for atom Data Generation
2020-04-17 15:39:01.346 ERROR 54516 --- [tcher-worker-15] d.h.t.test.story.atom.Data_Generation    : No data remains for atom Data Generation
2020-04-17 15:39:01.347 ERROR 54516 --- [tcher-worker-15] d.h.t.t.s.atom.assertion.ResponseCode    : Failed response code assertion"It returns 500": expected "500" but is actually "200"!
2020-04-17 15:39:01.351 ERROR 54516 --- [atcher-worker-2] d.h.t.t.s.atom.assertion.ResponseCode    : Failed response code assertion"It returns 500": expected "500" but is actually "200"!
2020-04-17 15:39:01.352 ERROR 54516 --- [tcher-worker-15] d.h.t.t.s.atom.assertion.ResponseCode    : Failed response code assertion"It returns 500": expected "500" but is actually "200"!
2020-04-17 15:39:01.362 ERROR 54516 --- [atcher-worker-2] d.h.t.t.s.atom.assertion.ResponseCode    : Failed response code assertion"It returns 500": expected "500" but is actually "200"!
2020-04-17 15:39:01.375 ERROR 54516 --- [atcher-worker-2] d.h.t.test.story.atom.Data_Generation    : No data remains for atom Data Generation
2020-04-17 15:39:01.362 ERROR 54516 --- [tcher-worker-20] d.h.t.t.s.atom.assertion.ResponseCode    : Failed response code assertion"It returns 500": expected "500" but is actually "200"!
2020-04-17 15:39:01.366 ERROR 54516 --- [tcher-worker-15] d.h.t.test.story.atom.Data_Generation    : No data remains for atom Data Generation
2020-04-17 15:39:01.377 ERROR 54516 --- [tcher-worker-15] d.h.t.t.s.atom.assertion.ResponseCode    : Failed response code assertion"It returns 500": expected "500" but is actually "200"!
2020-04-17 15:39:01.377 ERROR 54516 --- [atcher-worker-2] d.h.t.t.s.atom.assertion.ResponseCode    : Failed response code assertion"It returns 500": expected "500" but is actually "200"!
2020-04-17 15:39:01.434 ERROR 54516 --- [atcher-worker-2] d.h.t.t.s.atom.assertion.ResponseCode    : Failed response code assertion"It returns 500": expected "500" but is actually "200"!
2020-04-17 15:39:01.435 ERROR 54516 --- [tcher-worker-15] d.h.t.t.s.atom.assertion.ResponseCode    : Failed response code assertion"It returns 500": expected "500" but is actually "200"!
2020-04-17 15:39:01.436 ERROR 54516 --- [atcher-worker-6] d.h.t.t.s.atom.assertion.ResponseCode    : Failed response code assertion"It returns 500": expected "500" but is actually "200"!
2020-04-17 15:39:01.437 ERROR 54516 --- [tcher-worker-20] d.h.t.t.s.atom.assertion.ResponseCode    : Failed response code assertion"It returns 500": expected "500" but is actually "200"!
2020-04-17 15:39:01.437 ERROR 54516 --- [tcher-worker-17] d.h.t.t.s.atom.assertion.ResponseCode    : Failed response code assertion"It returns 500": expected "500" but is actually "200"!
2020-04-17 15:39:01.445 ERROR 54516 --- [tcher-worker-17] d.h.t.test.story.atom.Data_Generation    : No data remains for atom Data Generation
2020-04-17 15:39:01.465 ERROR 54516 --- [tcher-worker-15] d.h.t.t.s.atom.assertion.ResponseCode    : Failed response code assertion"It returns 500": expected "500" but is actually "200"!
2020-04-17 15:39:01.466 ERROR 54516 --- [tcher-worker-20] d.h.t.t.s.atom.assertion.ResponseCode    : Failed response code assertion"It returns 500": expected "500" but is actually "200"!
2020-04-17 15:39:01.467 ERROR 54516 --- [tcher-worker-19] d.h.t.t.s.atom.assertion.ResponseCode    : Failed response code assertion"It returns 500": expected "500" but is actually "200"!
2020-04-17 15:39:01.467 ERROR 54516 --- [atcher-worker-6] d.h.t.t.s.atom.assertion.ResponseCode    : Failed response code assertion"It returns 500": expected "500" but is actually "200"!
2020-04-17 15:39:01.468 ERROR 54516 --- [tcher-worker-10] d.h.t.t.s.atom.assertion.ResponseCode    : Failed response code assertion"It returns 500": expected "500" but is actually "200"!
2020-04-17 15:39:01.468 ERROR 54516 --- [atcher-worker-2] d.h.t.test.story.atom.Data_Generation    : No data remains for atom Data Generation
2020-04-17 15:39:01.468 ERROR 54516 --- [tcher-worker-15] d.h.t.test.story.atom.Data_Generation    : No data remains for atom Data Generation
2020-04-17 15:39:01.473 ERROR 54516 --- [tcher-worker-11] d.h.t.test.story.atom.Data_Generation    : No data remains for atom Data Generation
PS D:\GitHub\request-generator> TerminatingError(): "Die Pipeline wurde beendet."
>> TerminatingError(): "Die Pipeline wurde beendet."
PS D:\GitHub\request-generator> Stop-Transcript
**********************
Ende der Windows PowerShell-Aufzeichnung
Endzeit: 20200417153909
**********************
